<?xml version="1.0" encoding="UTF-8"?>
<!-- Generated by org.testng.reporters.JUnitXMLReporter -->
<testsuite ignored="6" hostname="DESKTOP-SO5U9F0" failures="0" tests="1" name="Default test" time="8.692" errors="0" timestamp="2025-11-14T12:57:02 IST">
  <testcase classname="easyr.qa.testCases.EasyRCatchShopPageTest" name="verifyVendorSelectionValidation" time="6.263"/>
  <testcase classname="easyr.qa.testCases.EasyRCatchShopPageTest" name="verifyCreateProductPageSelectVendor" time="0.0">
    <ignored/>
  </testcase> <!-- verifyCreateProductPageSelectVendor -->
  <testcase classname="easyr.qa.testCases.EasyRCatchShopPageTest" name="verifyProductPage" time="0.0">
    <ignored/>
  </testcase> <!-- verifyProductPage -->
  <testcase classname="easyr.qa.testCases.EasyRCatchShopPageTest" name="verifyInventoryStoreProduct" time="0.0">
    <ignored/>
  </testcase> <!-- verifyInventoryStoreProduct -->
  <testcase classname="easyr.qa.testCases.EasyRCatchShopPageTest" name="verifyCreateProductPage" time="0.0">
    <ignored/>
  </testcase> <!-- verifyCreateProductPage -->
  <testcase classname="easyr.qa.testCases.EasyRCatchShopPageTest" name="verifyCreateProductPageEnterVendorName" time="0.0">
    <ignored/>
  </testcase> <!-- verifyCreateProductPageEnterVendorName -->
  <testcase classname="easyr.qa.testCases.EasyRCatchShopPageTest" name="verifyCreatedProduct" time="0.0">
    <ignored/>
  </testcase> <!-- verifyCreatedProduct -->
</testsuite> <!-- Default test -->
