<?xml version="1.0" encoding="UTF-8"?>
<!-- Generated by org.testng.reporters.JUnitXMLReporter -->
<testsuite ignored="0" hostname="DESKTOP-SO5U9F0" failures="0" tests="2" name="Default test" time="25.249" errors="0" timestamp="2025-09-18T14:49:26 IST">
  <testcase classname="easyr.qa.testCases.EasyRSurveyPageTest" name="verifySurvey" time="20.428"/>
  <testcase classname="easyr.qa.testCases.EasyRSurveyPageTest" name="verifyCreatedSurveyOnListingPage" time="0.297"/>
</testsuite> <!-- Default test -->
