<?xml version="1.0" encoding="UTF-8"?>
<!-- Generated by org.testng.reporters.JUnitXMLReporter -->
<testsuite ignored="0" hostname="DESKTOP-SO5U9F0" failures="0" tests="41" name="Default test" time="263.685" errors="0" timestamp="2025-10-03T15:16:28 IST">
  <testcase classname="easyr.qa.testCases.EasyRVendorPageTest" name="verifyVendorLogoValidation" time="0.233"/>
  <testcase classname="easyr.qa.testCases.EasyRVendorPageTest" name="verifyVendorProfileValidation" time="0.227"/>
  <testcase classname="easyr.qa.testCases.EasyRVendorPageTest" name="verifyVendorNameValidation" time="0.23"/>
  <testcase classname="easyr.qa.testCases.EasyRVendorPageTest" name="verifyCompanyNameFieldValidation" time="0.223"/>
  <testcase classname="easyr.qa.testCases.EasyRVendorPageTest" name="verifyEmailFieldValidation" time="0.233"/>
  <testcase classname="easyr.qa.testCases.EasyRVendorPageTest" name="verifyInvalidEmailFieldValidation" time="1.371"/>
  <testcase classname="easyr.qa.testCases.EasyRVendorPageTest" name="verifyMobileFieldValidation" time="0.248"/>
  <testcase classname="easyr.qa.testCases.EasyRVendorPageTest" name="verifyMobileNoFieldBlankSpaceValidation" time="1.376"/>
  <testcase classname="easyr.qa.testCases.EasyRVendorPageTest" name="verifyInvalidMobileNoFieldValidation" time="1.366"/>
  <testcase classname="easyr.qa.testCases.EasyRVendorPageTest" name="verifySelectAddressFieldValidation" time="0.254"/>
  <testcase classname="easyr.qa.testCases.EasyRVendorPageTest" name="verifyVendorCategoryFieldValidation" time="0.236"/>
  <testcase classname="easyr.qa.testCases.EasyRVendorPageTest" name="verifyBlankCompanyWebsiteFieldValidation" time="0.242"/>
  <testcase classname="easyr.qa.testCases.EasyRVendorPageTest" name="verifyInvalidCompanyWebsiteFieldValidation" time="0.392"/>
  <testcase classname="easyr.qa.testCases.EasyRVendorPageTest" name="verifyParentVendorFieldValidation" time="0.311"/>
  <testcase classname="easyr.qa.testCases.EasyRVendorPageTest" name="verifyDescInEnglishFieldValidation" time="0.247"/>
  <testcase classname="easyr.qa.testCases.EasyRVendorPageTest" name="verifyDescInDanishFieldValidation" time="0.309"/>
  <testcase classname="easyr.qa.testCases.EasyRVendorPageTest" name="verifyDescInArabicFieldValidation" time="0.307"/>
  <testcase classname="easyr.qa.testCases.EasyRVendorPageTest" name="verifySearchTagsFieldValidation" time="0.248"/>
  <testcase classname="easyr.qa.testCases.EasyRVendorPageTest" name="verifyCreatVendor" time="36.691"/>
  <testcase classname="easyr.qa.testCases.EasyRVendorPageTest" name="verifyDisplayedVendorActiveStatusToggle" time="7.251"/>
  <testcase classname="easyr.qa.testCases.EasyRVendorPageTest" name="verifyDisplayedVendorViewIcon" time="4.24"/>
  <testcase classname="easyr.qa.testCases.EasyRVendorPageTest" name="verifyDisplayedVendorAnalystIcon" time="4.219"/>
  <testcase classname="easyr.qa.testCases.EasyRVendorPageTest" name="verifyDisplayedVendorQRCodeIcon" time="4.233"/>
  <testcase classname="easyr.qa.testCases.EasyRVendorPageTest" name="verifyDisplayedVendorEditIcon" time="4.238"/>
  <testcase classname="easyr.qa.testCases.EasyRVendorPageTest" name="verifyDisplayedChangePwdIcon" time="4.231"/>
  <testcase classname="easyr.qa.testCases.EasyRVendorPageTest" name="verifyDisplayedDeleteIcon" time="4.233"/>
  <testcase classname="easyr.qa.testCases.EasyRVendorPageTest" name="clickOnViewVendorIcon" time="7.274"/>
  <testcase classname="easyr.qa.testCases.EasyRVendorPageTest" name="verifyVendorDetailsPageVendorName" time="7.395"/>
  <testcase classname="easyr.qa.testCases.EasyRVendorPageTest" name="verifyVendorDetailsPageCompanyName" time="7.456"/>
  <testcase classname="easyr.qa.testCases.EasyRVendorPageTest" name="verifyVendorDetailsPageVendorEmail" time="7.472"/>
  <testcase classname="easyr.qa.testCases.EasyRVendorPageTest" name="verifyVendorDetailsPageVendorCode" time="7.462"/>
  <testcase classname="easyr.qa.testCases.EasyRVendorPageTest" name="verifyVendorDetailsDescInEng" time="7.412"/>
  <testcase classname="easyr.qa.testCases.EasyRVendorPageTest" name="verifyVendorDetailsDescInDan" time="7.439"/>
  <testcase classname="easyr.qa.testCases.EasyRVendorPageTest" name="verifyVendorDetailsDescInArab" time="7.454"/>
  <testcase classname="easyr.qa.testCases.EasyRVendorPageTest" name="verrifyVendorDetailsVendorReportsTxt" time="7.291"/>
  <testcase classname="easyr.qa.testCases.EasyRVendorPageTest" name="verifyVendorDetailsVendorFeedbackTxt" time="7.319"/>
  <testcase classname="easyr.qa.testCases.EasyRVendorPageTest" name="veirfyVendorDetailsVendorReportData" time="7.443"/>
  <testcase classname="easyr.qa.testCases.EasyRVendorPageTest" name="clickAndVerifyVendorDetailsUserReviews" time="7.33"/>
  <testcase classname="easyr.qa.testCases.EasyRVendorPageTest" name="verifyVendorDetailsUserReviewsData" time="7.693"/>
  <testcase classname="easyr.qa.testCases.EasyRVendorPageTest" name="verifyClickOnUpdateVendorBtn" time="8.408"/>
  <testcase classname="easyr.qa.testCases.EasyRVendorPageTest" name="verifyUpdateVendorValidations" time="9.836"/>
</testsuite> <!-- Default test -->
