<?xml version="1.0" encoding="UTF-8"?>
<!-- Generated by org.testng.reporters.JUnitXMLReporter -->
<testsuite ignored="11" hostname="DESKTOP-SO5U9F0" failures="0" tests="1" name="Default test" time="17.27" errors="0" timestamp="2025-11-17T18:15:27 IST">
  <testcase classname="easyr.qa.testCases.EasyRCatchShopPageTest" name="verifySecondPageWithEnterData" time="14.408"/>
  <testcase classname="easyr.qa.testCases.EasyRCatchShopPageTest" name="verifyCreateProductPageEnterVendorName" time="0.0">
    <ignored/>
  </testcase> <!-- verifyCreateProductPageEnterVendorName -->
  <testcase classname="easyr.qa.testCases.EasyRCatchShopPageTest" name="verifyCreatedProduct" time="0.0">
    <ignored/>
  </testcase> <!-- verifyCreatedProduct -->
  <testcase classname="easyr.qa.testCases.EasyRCatchShopPageTest" name="verifySecondPageValidationsInEnglish" time="0.0">
    <ignored/>
  </testcase> <!-- verifySecondPageValidationsInEnglish -->
  <testcase classname="easyr.qa.testCases.EasyRCatchShopPageTest" name="verifySecondPageValidationsInDanish" time="0.0">
    <ignored/>
  </testcase> <!-- verifySecondPageValidationsInDanish -->
  <testcase classname="easyr.qa.testCases.EasyRCatchShopPageTest" name="verifySubmitFirstPhase" time="0.0">
    <ignored/>
  </testcase> <!-- verifySubmitFirstPhase -->
  <testcase classname="easyr.qa.testCases.EasyRCatchShopPageTest" name="verifySecondPageValidationsInArabic" time="0.0">
    <ignored/>
  </testcase> <!-- verifySecondPageValidationsInArabic -->
  <testcase classname="easyr.qa.testCases.EasyRCatchShopPageTest" name="verifyCreateProductPage" time="0.0">
    <ignored/>
  </testcase> <!-- verifyCreateProductPage -->
  <testcase classname="easyr.qa.testCases.EasyRCatchShopPageTest" name="verifyProductPage" time="0.0">
    <ignored/>
  </testcase> <!-- verifyProductPage -->
  <testcase classname="easyr.qa.testCases.EasyRCatchShopPageTest" name="verifyCreateProductPageSelectVendor" time="0.0">
    <ignored/>
  </testcase> <!-- verifyCreateProductPageSelectVendor -->
  <testcase classname="easyr.qa.testCases.EasyRCatchShopPageTest" name="verifyInventoryStoreProduct" time="0.0">
    <ignored/>
  </testcase> <!-- verifyInventoryStoreProduct -->
  <testcase classname="easyr.qa.testCases.EasyRCatchShopPageTest" name="verifyVendorSelectionValidation" time="0.0">
    <ignored/>
  </testcase> <!-- verifyVendorSelectionValidation -->
</testsuite> <!-- Default test -->
