<?xml version="1.0" encoding="UTF-8"?>
<!-- Generated by org.testng.reporters.JUnitXMLReporter -->
<testsuite ignored="26" hostname="DESKTOP-SO5U9F0" failures="0" tests="1" name="Default test" time="12.556" errors="0" timestamp="2025-09-19T17:59:27 IST">
  <testcase classname="easyr.qa.testCases.EasyRVendorPageTest" name="verifyDisplayedVendorActiveStatusToggle" time="10.288"/>
  <testcase classname="easyr.qa.testCases.EasyRVendorPageTest" name="verifySelectAddressFieldValidation" time="0.0">
    <ignored/>
  </testcase> <!-- verifySelectAddressFieldValidation -->
  <testcase classname="easyr.qa.testCases.EasyRVendorPageTest" name="verifyDisplayedVendorAnalystIcon" time="0.0">
    <ignored/>
  </testcase> <!-- verifyDisplayedVendorAnalystIcon -->
  <testcase classname="easyr.qa.testCases.EasyRVendorPageTest" name="verifyDisplayedVendorQRCodeIcon" time="0.0">
    <ignored/>
  </testcase> <!-- verifyDisplayedVendorQRCodeIcon -->
  <testcase classname="easyr.qa.testCases.EasyRVendorPageTest" name="verifyBlankCompanyWebsiteFieldValidation" time="0.0">
    <ignored/>
  </testcase> <!-- verifyBlankCompanyWebsiteFieldValidation -->
  <testcase classname="easyr.qa.testCases.EasyRVendorPageTest" name="verifyDescInArabicFieldValidation" time="0.0">
    <ignored/>
  </testcase> <!-- verifyDescInArabicFieldValidation -->
  <testcase classname="easyr.qa.testCases.EasyRVendorPageTest" name="verifyVendorCategoryFieldValidation" time="0.0">
    <ignored/>
  </testcase> <!-- verifyVendorCategoryFieldValidation -->
  <testcase classname="easyr.qa.testCases.EasyRVendorPageTest" name="verifyInvalidCompanyWebsiteFieldValidation" time="0.0">
    <ignored/>
  </testcase> <!-- verifyInvalidCompanyWebsiteFieldValidation -->
  <testcase classname="easyr.qa.testCases.EasyRVendorPageTest" name="verifyDisplayedVendorEditIcon" time="0.0">
    <ignored/>
  </testcase> <!-- verifyDisplayedVendorEditIcon -->
  <testcase classname="easyr.qa.testCases.EasyRVendorPageTest" name="verifyDisplayedVendorViewIcon" time="0.0">
    <ignored/>
  </testcase> <!-- verifyDisplayedVendorViewIcon -->
  <testcase classname="easyr.qa.testCases.EasyRVendorPageTest" name="verifySearchTagsFieldValidation" time="0.0">
    <ignored/>
  </testcase> <!-- verifySearchTagsFieldValidation -->
  <testcase classname="easyr.qa.testCases.EasyRVendorPageTest" name="verifyCreatVendor" time="0.0">
    <ignored/>
  </testcase> <!-- verifyCreatVendor -->
  <testcase classname="easyr.qa.testCases.EasyRVendorPageTest" name="verifyVendorLogoValidation" time="0.0">
    <ignored/>
  </testcase> <!-- verifyVendorLogoValidation -->
  <testcase classname="easyr.qa.testCases.EasyRVendorPageTest" name="verifyDisplayedDeleteIcon" time="0.0">
    <ignored/>
  </testcase> <!-- verifyDisplayedDeleteIcon -->
  <testcase classname="easyr.qa.testCases.EasyRVendorPageTest" name="verifyDescInEnglishFieldValidation" time="0.0">
    <ignored/>
  </testcase> <!-- verifyDescInEnglishFieldValidation -->
  <testcase classname="easyr.qa.testCases.EasyRVendorPageTest" name="verifyMobileNoFieldBlankSpaceValidation" time="0.0">
    <ignored/>
  </testcase> <!-- verifyMobileNoFieldBlankSpaceValidation -->
  <testcase classname="easyr.qa.testCases.EasyRVendorPageTest" name="verifyParentVendorFieldValidation" time="0.0">
    <ignored/>
  </testcase> <!-- verifyParentVendorFieldValidation -->
  <testcase classname="easyr.qa.testCases.EasyRVendorPageTest" name="verifyDisplayedChangePwdIcon" time="0.0">
    <ignored/>
  </testcase> <!-- verifyDisplayedChangePwdIcon -->
  <testcase classname="easyr.qa.testCases.EasyRVendorPageTest" name="verifyVendorProfileValidation" time="0.0">
    <ignored/>
  </testcase> <!-- verifyVendorProfileValidation -->
  <testcase classname="easyr.qa.testCases.EasyRVendorPageTest" name="verifyInvalidMobileNoFieldValidation" time="0.0">
    <ignored/>
  </testcase> <!-- verifyInvalidMobileNoFieldValidation -->
  <testcase classname="easyr.qa.testCases.EasyRVendorPageTest" name="clickOnViewVendorIcon" time="0.0">
    <ignored/>
  </testcase> <!-- clickOnViewVendorIcon -->
  <testcase classname="easyr.qa.testCases.EasyRVendorPageTest" name="verifyCompanyNameFieldValidation" time="0.0">
    <ignored/>
  </testcase> <!-- verifyCompanyNameFieldValidation -->
  <testcase classname="easyr.qa.testCases.EasyRVendorPageTest" name="verifyInvalidEmailFieldValidation" time="0.0">
    <ignored/>
  </testcase> <!-- verifyInvalidEmailFieldValidation -->
  <testcase classname="easyr.qa.testCases.EasyRVendorPageTest" name="verifyMobileFieldValidation" time="0.0">
    <ignored/>
  </testcase> <!-- verifyMobileFieldValidation -->
  <testcase classname="easyr.qa.testCases.EasyRVendorPageTest" name="verifyEmailFieldValidation" time="0.0">
    <ignored/>
  </testcase> <!-- verifyEmailFieldValidation -->
  <testcase classname="easyr.qa.testCases.EasyRVendorPageTest" name="verifyVendorNameValidation" time="0.0">
    <ignored/>
  </testcase> <!-- verifyVendorNameValidation -->
  <testcase classname="easyr.qa.testCases.EasyRVendorPageTest" name="verifyDescInDanishFieldValidation" time="0.0">
    <ignored/>
  </testcase> <!-- verifyDescInDanishFieldValidation -->
</testsuite> <!-- Default test -->
