<?xml version="1.0" encoding="UTF-8"?>
<!-- Generated by org.testng.reporters.JUnitXMLReporter -->
<testsuite ignored="4" hostname="DESKTOP-SO5U9F0" failures="0" tests="1" name="Default test" time="14.728" errors="0" timestamp="2025-10-30T18:46:42 IST">
  <testcase classname="easyr.qa.testCases.EasyROffersAndDealsPageTest" name="verifyAllFieldValidationInsubDetails" time="11.607"/>
  <testcase classname="easyr.qa.testCases.EasyROffersAndDealsPageTest" name="verifyNavigateToSubDetailsOfOffer" time="0.0">
    <ignored/>
  </testcase> <!-- verifyNavigateToSubDetailsOfOffer -->
  <testcase classname="easyr.qa.testCases.EasyROffersAndDealsPageTest" name="verifyCreateOfferPage" time="0.0">
    <ignored/>
  </testcase> <!-- verifyCreateOfferPage -->
  <testcase classname="easyr.qa.testCases.EasyROffersAndDealsPageTest" name="verifyEnterVendorNameAndVerifyDetails" time="0.0">
    <ignored/>
  </testcase> <!-- verifyEnterVendorNameAndVerifyDetails -->
  <testcase classname="easyr.qa.testCases.EasyROffersAndDealsPageTest" name="verifyOffersAndDealsPage" time="0.0">
    <ignored/>
  </testcase> <!-- verifyOffersAndDealsPage -->
</testsuite> <!-- Default test -->
