<?xml version="1.0" encoding="UTF-8"?>
<!-- Generated by org.testng.reporters.JUnitXMLReporter -->
<testsuite ignored="0" hostname="DESKTOP-SO5U9F0" failures="0" tests="8" name="Default test" time="16.915" errors="0" timestamp="2025-09-19T11:53:50 IST">
  <testcase classname="easyr.qa.testCases.EasyRLoginTest" name="verifyFieldAndLogoOnLoginPage" time="0.06"/>
  <testcase classname="easyr.qa.testCases.EasyRLoginTest" name="verifyLoginFunctionality" time="6.397"/>
  <testcase classname="easyr.qa.testCases.EasyRLoginTest" name="testInvalidUsernameValidPwd" time="0.376"/>
  <testcase classname="easyr.qa.testCases.EasyRLoginTest" name="testInvalidPasswordValidUName" time="0.657"/>
  <testcase classname="easyr.qa.testCases.EasyRLoginTest" name="testEmptyUsernameValidPwd" time="0.207"/>
  <testcase classname="easyr.qa.testCases.EasyRLoginTest" name="testEmptyPasswordValidUName" time="0.216"/>
  <testcase classname="easyr.qa.testCases.EasyRLoginTest" name="invalidUNameInvalidPwd" time="0.353"/>
  <testcase classname="easyr.qa.testCases.EasyRLoginTest" name="clickOnLoginWithoutEnterCreds" time="0.219"/>
</testsuite> <!-- Default test -->
