<?xml version="1.0" encoding="UTF-8"?>
<!-- Generated by org.testng.reporters.JUnitXMLReporter -->
<testsuite ignored="0" hostname="DESKTOP-SO5U9F0" failures="0" tests="8" name="Default test" time="24.669" errors="0" timestamp="2025-10-27T13:26:49 IST">
  <testcase classname="easyr.qa.testCases.EasyRLoginTest" name="verifyFieldAndLogoOnLoginPage" time="0.096"/>
  <testcase classname="easyr.qa.testCases.EasyRLoginTest" name="verifyLoginFunctionality" time="3.86"/>
  <testcase classname="easyr.qa.testCases.EasyRLoginTest" name="testInvalidUsernameValidPwd" time="0.531"/>
  <testcase classname="easyr.qa.testCases.EasyRLoginTest" name="testInvalidPasswordValidUName" time="0.817"/>
  <testcase classname="easyr.qa.testCases.EasyRLoginTest" name="testEmptyUsernameValidPwd" time="0.35"/>
  <testcase classname="easyr.qa.testCases.EasyRLoginTest" name="testEmptyPasswordValidUName" time="0.358"/>
  <testcase classname="easyr.qa.testCases.EasyRLoginTest" name="invalidUNameInvalidPwd" time="0.495"/>
  <testcase classname="easyr.qa.testCases.EasyRLoginTest" name="clickOnLoginWithoutEnterCreds" time="0.406"/>
</testsuite> <!-- Default test -->
