<?xml version="1.0" encoding="UTF-8"?>
<!-- Generated by org.testng.reporters.JUnitXMLReporter -->
<testsuite ignored="12" hostname="DESKTOP-SO5U9F0" failures="0" tests="1" name="Default test" time="8.576" errors="0" timestamp="2025-11-12T14:46:15 IST">
  <testcase classname="easyr.qa.testCases.EasyROffersAndDealsPageTest" name="verifyOfferTypeAfterOfferCreation" time="5.27"/>
  <testcase classname="easyr.qa.testCases.EasyROffersAndDealsPageTest" name="verifyValidationMessageInThirdPhaseSubDetailsInEnglish" time="0.0">
    <ignored/>
  </testcase> <!-- verifyValidationMessageInThirdPhaseSubDetailsInEnglish -->
  <testcase classname="easyr.qa.testCases.EasyROffersAndDealsPageTest" name="verifyEnterAllFieldDetailsInsubDetails" time="0.0">
    <ignored/>
  </testcase> <!-- verifyEnterAllFieldDetailsInsubDetails -->
  <testcase classname="easyr.qa.testCases.EasyROffersAndDealsPageTest" name="verifyCreateOfferPage" time="0.0">
    <ignored/>
  </testcase> <!-- verifyCreateOfferPage -->
  <testcase classname="easyr.qa.testCases.EasyROffersAndDealsPageTest" name="verifyAllFieldValidationInsubDetails" time="0.0">
    <ignored/>
  </testcase> <!-- verifyAllFieldValidationInsubDetails -->
  <testcase classname="easyr.qa.testCases.EasyROffersAndDealsPageTest" name="verifyOffersAndDealsPage" time="0.0">
    <ignored/>
  </testcase> <!-- verifyOffersAndDealsPage -->
  <testcase classname="easyr.qa.testCases.EasyROffersAndDealsPageTest" name="verifyValidationMessageInThirdPhaseSubDetailsInDanish" time="0.0">
    <ignored/>
  </testcase> <!-- verifyValidationMessageInThirdPhaseSubDetailsInDanish -->
  <testcase classname="easyr.qa.testCases.EasyROffersAndDealsPageTest" name="verifyNavigateToSubDetailsOfOffer" time="0.0">
    <ignored/>
  </testcase> <!-- verifyNavigateToSubDetailsOfOffer -->
  <testcase classname="easyr.qa.testCases.EasyROffersAndDealsPageTest" name="verifyVendorNameAfterOfferCreation" time="0.0">
    <ignored/>
  </testcase> <!-- verifyVendorNameAfterOfferCreation -->
  <testcase classname="easyr.qa.testCases.EasyROffersAndDealsPageTest" name="verifyEnterVendorNameAndVerifyDetails" time="0.0">
    <ignored/>
  </testcase> <!-- verifyEnterVendorNameAndVerifyDetails -->
  <testcase classname="easyr.qa.testCases.EasyROffersAndDealsPageTest" name="verifyOfferTitleAfterOfferCreation" time="0.0">
    <ignored/>
  </testcase> <!-- verifyOfferTitleAfterOfferCreation -->
  <testcase classname="easyr.qa.testCases.EasyROffersAndDealsPageTest" name="verifyValidationMessageInThirdPhaseSubDetailsInArabic" time="0.0">
    <ignored/>
  </testcase> <!-- verifyValidationMessageInThirdPhaseSubDetailsInArabic -->
  <testcase classname="easyr.qa.testCases.EasyROffersAndDealsPageTest" name="createOffer" time="0.0">
    <ignored/>
  </testcase> <!-- createOffer -->
</testsuite> <!-- Default test -->
