<?xml version="1.0" encoding="UTF-8"?>
<!-- Generated by org.testng.reporters.JUnitXMLReporter -->
<testsuite ignored="0" hostname="DESKTOP-SO5U9F0" failures="0" tests="8" name="Default test" time="14.054" errors="0" timestamp="2025-09-19T12:07:37 IST">
  <testcase classname="easyr.qa.testCases.EasyRLoginTest" name="verifyFieldAndLogoOnLoginPage" time="0.057"/>
  <testcase classname="easyr.qa.testCases.EasyRLoginTest" name="verifyLoginFunctionality" time="3.497"/>
  <testcase classname="easyr.qa.testCases.EasyRLoginTest" name="testInvalidUsernameValidPwd" time="0.34"/>
  <testcase classname="easyr.qa.testCases.EasyRLoginTest" name="testInvalidPasswordValidUName" time="0.619"/>
  <testcase classname="easyr.qa.testCases.EasyRLoginTest" name="testEmptyUsernameValidPwd" time="0.204"/>
  <testcase classname="easyr.qa.testCases.EasyRLoginTest" name="testEmptyPasswordValidUName" time="0.213"/>
  <testcase classname="easyr.qa.testCases.EasyRLoginTest" name="invalidUNameInvalidPwd" time="0.415"/>
  <testcase classname="easyr.qa.testCases.EasyRLoginTest" name="clickOnLoginWithoutEnterCreds" time="0.214"/>
</testsuite> <!-- Default test -->
