<?xml version="1.0" encoding="UTF-8"?>
<!-- Generated by org.testng.reporters.JUnitXMLReporter -->
<testsuite ignored="0" hostname="DESKTOP-SO5U9F0" failures="0" tests="2" name="Default test" time="18.707" errors="0" timestamp="2025-09-10T19:29:10 IST">
  <testcase classname="easyr.qa.testCases.EasyRDonationPageTest" name="createDonation" time="7.9"/>
  <testcase classname="easyr.qa.testCases.EasyRDonationPageTest" name="verifyCreatedDonationData" time="0.176"/>
</testsuite> <!-- Default test -->
