<?xml version="1.0" encoding="UTF-8"?>
<!-- Generated by org.testng.reporters.JUnitXMLReporter -->
<testsuite ignored="0" hostname="DESKTOP-SO5U9F0" failures="0" tests="3" name="Default test" time="35.525" errors="0" timestamp="2025-09-18T15:30:25 IST">
  <testcase classname="easyr.qa.testCases.EasyRSurveyPageTest" name="verifySurvey" time="20.088"/>
  <testcase classname="easyr.qa.testCases.EasyRSurveyPageTest" name="verifyCreatedSurveyOnListingPage" time="0.24"/>
  <testcase classname="easyr.qa.testCases.EasyRSurveyPageTest" name="verifyUserOfSendSurvey" time="8.706"/>
</testsuite> <!-- Default test -->
