<?xml version="1.0" encoding="UTF-8"?>
<!-- Generated by org.testng.reporters.JUnitXMLReporter -->
<testsuite ignored="0" hostname="DESKTOP-SO5U9F0" failures="0" tests="13" name="Default test" time="247.406" errors="0" timestamp="2025-11-04T17:09:07 IST">
  <testcase classname="easyr.qa.testCases.EasyROffersAndDealsPageTest" name="verifyOffersAndDealsPage" time="1.295"/>
  <testcase classname="easyr.qa.testCases.EasyROffersAndDealsPageTest" name="verifyCreateOfferPage" time="1.266"/>
  <testcase classname="easyr.qa.testCases.EasyROffersAndDealsPageTest" name="verifyEnterVendorNameAndVerifyDetails" time="3.602"/>
  <testcase classname="easyr.qa.testCases.EasyROffersAndDealsPageTest" name="verifyNavigateToSubDetailsOfOffer" time="3.634"/>
  <testcase classname="easyr.qa.testCases.EasyROffersAndDealsPageTest" name="verifyAllFieldValidationInsubDetails" time="14.594"/>
  <testcase classname="easyr.qa.testCases.EasyROffersAndDealsPageTest" name="verifyEnterAllFieldDetailsInsubDetails" time="26.162"/>
  <testcase classname="easyr.qa.testCases.EasyROffersAndDealsPageTest" name="verifyValidationMessageInThirdPhaseSubDetailsInEnglish" time="33.06"/>
  <testcase classname="easyr.qa.testCases.EasyROffersAndDealsPageTest" name="verifyValidationMessageInThirdPhaseSubDetailsInDanish" time="32.761"/>
  <testcase classname="easyr.qa.testCases.EasyROffersAndDealsPageTest" name="verifyValidationMessageInThirdPhaseSubDetailsInArabic" time="32.703"/>
  <testcase classname="easyr.qa.testCases.EasyROffersAndDealsPageTest" name="createOffer" time="50.122"/>
  <testcase classname="easyr.qa.testCases.EasyROffersAndDealsPageTest" name="verifyOfferTitleAfterOfferCreation" time="5.166"/>
  <testcase classname="easyr.qa.testCases.EasyROffersAndDealsPageTest" name="verifyOfferTypeAfterOfferCreation" time="5.16"/>
  <testcase classname="easyr.qa.testCases.EasyROffersAndDealsPageTest" name="verifyVendorNameAfterOfferCreation" time="5.174"/>
</testsuite> <!-- Default test -->
