<?xml version="1.0" encoding="UTF-8"?>
<!-- Generated by org.testng.reporters.JUnitXMLReporter -->
<testsuite ignored="5" hostname="DESKTOP-SO5U9F0" failures="0" tests="1" name="Default test" time="26.581" errors="0" timestamp="2025-10-30T19:11:09 IST">
  <testcase classname="easyr.qa.testCases.EasyROffersAndDealsPageTest" name="verifyEnterAllFieldDetailsInsubDetails" time="23.378"/>
  <testcase classname="easyr.qa.testCases.EasyROffersAndDealsPageTest" name="verifyCreateOfferPage" time="0.0">
    <ignored/>
  </testcase> <!-- verifyCreateOfferPage -->
  <testcase classname="easyr.qa.testCases.EasyROffersAndDealsPageTest" name="verifyOffersAndDealsPage" time="0.0">
    <ignored/>
  </testcase> <!-- verifyOffersAndDealsPage -->
  <testcase classname="easyr.qa.testCases.EasyROffersAndDealsPageTest" name="verifyAllFieldValidationInsubDetails" time="0.0">
    <ignored/>
  </testcase> <!-- verifyAllFieldValidationInsubDetails -->
  <testcase classname="easyr.qa.testCases.EasyROffersAndDealsPageTest" name="verifyEnterVendorNameAndVerifyDetails" time="0.0">
    <ignored/>
  </testcase> <!-- verifyEnterVendorNameAndVerifyDetails -->
  <testcase classname="easyr.qa.testCases.EasyROffersAndDealsPageTest" name="verifyNavigateToSubDetailsOfOffer" time="0.0">
    <ignored/>
  </testcase> <!-- verifyNavigateToSubDetailsOfOffer -->
</testsuite> <!-- Default test -->
