<?xml version="1.0" encoding="UTF-8"?>
<!-- Generated by org.testng.reporters.JUnitXMLReporter -->
<testsuite ignored="0" hostname="DESKTOP-SO5U9F0" failures="0" tests="20" name="Default test" time="231.876" errors="0" timestamp="2025-11-18T11:20:52 IST">
  <testcase classname="easyr.qa.testCases.EasyRCatchShopPageTest" name="verifyProductPage" time="3.129"/>
  <testcase classname="easyr.qa.testCases.EasyRCatchShopPageTest" name="verifyCreateProductPage" time="2.153"/>
  <testcase classname="easyr.qa.testCases.EasyRCatchShopPageTest" name="verifyVendorSelectionValidation" time="6.246"/>
  <testcase classname="easyr.qa.testCases.EasyRCatchShopPageTest" name="verifyCreateProductPageEnterVendorName" time="2.969"/>
  <testcase classname="easyr.qa.testCases.EasyRCatchShopPageTest" name="verifyCreateProductPageSelectVendor" time="3.101"/>
  <testcase classname="easyr.qa.testCases.EasyRCatchShopPageTest" name="verifySubmitFirstPhase" time="5.016"/>
  <testcase classname="easyr.qa.testCases.EasyRCatchShopPageTest" name="verifySecondPageValidationsInEnglish" time="5.123"/>
  <testcase classname="easyr.qa.testCases.EasyRCatchShopPageTest" name="verifySecondPageValidationsInDanish" time="5.205"/>
  <testcase classname="easyr.qa.testCases.EasyRCatchShopPageTest" name="verifySecondPageValidationsInArabic" time="5.225"/>
  <testcase classname="easyr.qa.testCases.EasyRCatchShopPageTest" name="verifySecondPageWithEnterData" time="14.878"/>
  <testcase classname="easyr.qa.testCases.EasyRCatchShopPageTest" name="verifyThirdPageValidation" time="19.563"/>
  <testcase classname="easyr.qa.testCases.EasyRCatchShopPageTest" name="verifyThirdPageCheckUploadImageValidation" time="19.279"/>
  <testcase classname="easyr.qa.testCases.EasyRCatchShopPageTest" name="verifyThirdPageCheckCateAndQuantityValidation" time="19.55"/>
  <testcase classname="easyr.qa.testCases.EasyRCatchShopPageTest" name="verifyThirdPageCheckPurchaseAndSellCostValidation" time="19.548"/>
  <testcase classname="easyr.qa.testCases.EasyRCatchShopPageTest" name="verifyThirdPageUploadedImageIsDisplayed" time="17.747"/>
  <testcase classname="easyr.qa.testCases.EasyRCatchShopPageTest" name="verifyThirdPageUserRedemptionLimitValidation" time="19.772"/>
  <testcase classname="easyr.qa.testCases.EasyRCatchShopPageTest" name="createInventoryStoreProduct" time="21.368"/>
  <testcase classname="easyr.qa.testCases.EasyRCatchShopPageTest" name="verifyCreatedProductTitle" time="1.501"/>
  <testcase classname="easyr.qa.testCases.EasyRCatchShopPageTest" name="verifyCreatedProductVendorname" time="1.506"/>
  <testcase classname="easyr.qa.testCases.EasyRCatchShopPageTest" name="verifyCreatedProductCategory" time="1.522"/>
</testsuite> <!-- Default test -->
