<?xml version="1.0" encoding="UTF-8"?>
<!-- Generated by org.testng.reporters.JUnitXMLReporter -->
<testsuite ignored="0" hostname="DESKTOP-SO5U9F0" failures="0" tests="18" name="Default test" time="40.088" errors="0" timestamp="2025-09-19T15:15:15 IST">
  <testcase classname="easyr.qa.testCases.EasyRVendorPageTest" name="verifyVendorLogoValidation" time="0.241"/>
  <testcase classname="easyr.qa.testCases.EasyRVendorPageTest" name="verifyVendorProfileValidation" time="0.221"/>
  <testcase classname="easyr.qa.testCases.EasyRVendorPageTest" name="verifyVendorNameValidation" time="0.228"/>
  <testcase classname="easyr.qa.testCases.EasyRVendorPageTest" name="verifyCompanyNameFieldValidation" time="0.223"/>
  <testcase classname="easyr.qa.testCases.EasyRVendorPageTest" name="verifyEmailFieldValidation" time="0.221"/>
  <testcase classname="easyr.qa.testCases.EasyRVendorPageTest" name="verifyInvalidEmailFieldValidation" time="1.345"/>
  <testcase classname="easyr.qa.testCases.EasyRVendorPageTest" name="verifyMobileFieldValidation" time="0.233"/>
  <testcase classname="easyr.qa.testCases.EasyRVendorPageTest" name="verifyMobileNoFieldBlankSpaceValidation" time="1.327"/>
  <testcase classname="easyr.qa.testCases.EasyRVendorPageTest" name="verifyInvalidMobileNoFieldValidation" time="1.342"/>
  <testcase classname="easyr.qa.testCases.EasyRVendorPageTest" name="verifySelectAddressFieldValidation" time="0.242"/>
  <testcase classname="easyr.qa.testCases.EasyRVendorPageTest" name="verifyVendorCategoryFieldValidation" time="0.241"/>
  <testcase classname="easyr.qa.testCases.EasyRVendorPageTest" name="verifyBlankCompanyWebsiteFieldValidation" time="0.243"/>
  <testcase classname="easyr.qa.testCases.EasyRVendorPageTest" name="verifyInvalidCompanyWebsiteFieldValidation" time="0.392"/>
  <testcase classname="easyr.qa.testCases.EasyRVendorPageTest" name="verifyParentVendorFieldValidation" time="0.339"/>
  <testcase classname="easyr.qa.testCases.EasyRVendorPageTest" name="verifyDescInEnglishFieldValidation" time="0.261"/>
  <testcase classname="easyr.qa.testCases.EasyRVendorPageTest" name="verifyDescInDanishFieldValidation" time="0.337"/>
  <testcase classname="easyr.qa.testCases.EasyRVendorPageTest" name="verifyDescInArabicFieldValidation" time="0.339"/>
  <testcase classname="easyr.qa.testCases.EasyRVendorPageTest" name="verifySearchTagsFieldValidation" time="0.255"/>
</testsuite> <!-- Default test -->
