<?xml version="1.0" encoding="UTF-8"?>
<!-- Generated by org.testng.reporters.JUnitXMLReporter -->
<testsuite ignored="0" hostname="DESKTOP-SO5U9F0" failures="0" tests="2" name="Default test" time="20.661" errors="0" timestamp="2025-09-16T15:58:35 IST">
  <testcase classname="easyr.qa.testCases.EasyRDonationPageTest" name="createDonation" time="8.925"/>
  <testcase classname="easyr.qa.testCases.EasyRDonationPageTest" name="verifyCreatedDonationData" time="1.253"/>
</testsuite> <!-- Default test -->
