<?xml version="1.0" encoding="UTF-8"?>
<!-- Generated by org.testng.reporters.JUnitXMLReporter -->
<testsuite ignored="0" hostname="DESKTOP-SO5U9F0" failures="0" tests="2" name="Default test" time="11.616" errors="0" timestamp="2025-09-10T16:27:09 IST">
  <testcase classname="easyr.qa.testCases.EasyROrganizationPageTest" name="createOrganization" time="7.101"/>
  <testcase classname="easyr.qa.testCases.EasyROrganizationPageTest" name="verifyCreatedOrganization" time="0.156"/>
</testsuite> <!-- Default test -->
