<?xml version="1.0" encoding="UTF-8"?>
<!-- Generated by org.testng.reporters.JUnitXMLReporter -->
<testsuite ignored="0" hostname="DESKTOP-SO5U9F0" failures="0" tests="41" name="Default test" time="263.602" errors="0" timestamp="2025-10-13T13:01:29 IST">
  <testcase classname="easyr.qa.testCases.EasyRVendorPageTest" name="verifyVendorLogoValidation" time="0.246"/>
  <testcase classname="easyr.qa.testCases.EasyRVendorPageTest" name="verifyVendorProfileValidation" time="0.224"/>
  <testcase classname="easyr.qa.testCases.EasyRVendorPageTest" name="verifyVendorNameValidation" time="0.233"/>
  <testcase classname="easyr.qa.testCases.EasyRVendorPageTest" name="verifyCompanyNameFieldValidation" time="0.326"/>
  <testcase classname="easyr.qa.testCases.EasyRVendorPageTest" name="verifyEmailFieldValidation" time="0.244"/>
  <testcase classname="easyr.qa.testCases.EasyRVendorPageTest" name="verifyInvalidEmailFieldValidation" time="1.359"/>
  <testcase classname="easyr.qa.testCases.EasyRVendorPageTest" name="verifyMobileFieldValidation" time="0.245"/>
  <testcase classname="easyr.qa.testCases.EasyRVendorPageTest" name="verifyMobileNoFieldBlankSpaceValidation" time="1.317"/>
  <testcase classname="easyr.qa.testCases.EasyRVendorPageTest" name="verifyInvalidMobileNoFieldValidation" time="1.339"/>
  <testcase classname="easyr.qa.testCases.EasyRVendorPageTest" name="verifySelectAddressFieldValidation" time="0.234"/>
  <testcase classname="easyr.qa.testCases.EasyRVendorPageTest" name="verifyVendorCategoryFieldValidation" time="0.25"/>
  <testcase classname="easyr.qa.testCases.EasyRVendorPageTest" name="verifyBlankCompanyWebsiteFieldValidation" time="0.253"/>
  <testcase classname="easyr.qa.testCases.EasyRVendorPageTest" name="verifyInvalidCompanyWebsiteFieldValidation" time="0.402"/>
  <testcase classname="easyr.qa.testCases.EasyRVendorPageTest" name="verifyParentVendorFieldValidation" time="0.347"/>
  <testcase classname="easyr.qa.testCases.EasyRVendorPageTest" name="verifyDescInEnglishFieldValidation" time="0.25"/>
  <testcase classname="easyr.qa.testCases.EasyRVendorPageTest" name="verifyDescInDanishFieldValidation" time="0.34"/>
  <testcase classname="easyr.qa.testCases.EasyRVendorPageTest" name="verifyDescInArabicFieldValidation" time="0.35"/>
  <testcase classname="easyr.qa.testCases.EasyRVendorPageTest" name="verifySearchTagsFieldValidation" time="0.257"/>
  <testcase classname="easyr.qa.testCases.EasyRVendorPageTest" name="verifyCreatVendor" time="32.21"/>
  <testcase classname="easyr.qa.testCases.EasyRVendorPageTest" name="verifyDisplayedVendorActiveStatusToggle" time="7.258"/>
  <testcase classname="easyr.qa.testCases.EasyRVendorPageTest" name="verifyDisplayedVendorViewIcon" time="4.226"/>
  <testcase classname="easyr.qa.testCases.EasyRVendorPageTest" name="verifyDisplayedVendorAnalystIcon" time="4.236"/>
  <testcase classname="easyr.qa.testCases.EasyRVendorPageTest" name="verifyDisplayedVendorQRCodeIcon" time="4.228"/>
  <testcase classname="easyr.qa.testCases.EasyRVendorPageTest" name="verifyDisplayedVendorEditIcon" time="4.256"/>
  <testcase classname="easyr.qa.testCases.EasyRVendorPageTest" name="verifyDisplayedChangePwdIcon" time="4.255"/>
  <testcase classname="easyr.qa.testCases.EasyRVendorPageTest" name="verifyDisplayedDeleteIcon" time="4.231"/>
  <testcase classname="easyr.qa.testCases.EasyRVendorPageTest" name="clickOnViewVendorIcon" time="7.269"/>
  <testcase classname="easyr.qa.testCases.EasyRVendorPageTest" name="verifyVendorDetailsPageVendorName" time="7.394"/>
  <testcase classname="easyr.qa.testCases.EasyRVendorPageTest" name="verifyVendorDetailsPageCompanyName" time="7.461"/>
  <testcase classname="easyr.qa.testCases.EasyRVendorPageTest" name="verifyVendorDetailsPageVendorEmail" time="7.461"/>
  <testcase classname="easyr.qa.testCases.EasyRVendorPageTest" name="verifyVendorDetailsPageVendorCode" time="7.42"/>
  <testcase classname="easyr.qa.testCases.EasyRVendorPageTest" name="verifyVendorDetailsDescInEng" time="7.421"/>
  <testcase classname="easyr.qa.testCases.EasyRVendorPageTest" name="verifyVendorDetailsDescInDan" time="7.456"/>
  <testcase classname="easyr.qa.testCases.EasyRVendorPageTest" name="verifyVendorDetailsDescInArab" time="7.531"/>
  <testcase classname="easyr.qa.testCases.EasyRVendorPageTest" name="verrifyVendorDetailsVendorReportsTxt" time="7.274"/>
  <testcase classname="easyr.qa.testCases.EasyRVendorPageTest" name="verifyVendorDetailsVendorFeedbackTxt" time="7.281"/>
  <testcase classname="easyr.qa.testCases.EasyRVendorPageTest" name="veirfyVendorDetailsVendorReportData" time="7.432"/>
  <testcase classname="easyr.qa.testCases.EasyRVendorPageTest" name="clickAndVerifyVendorDetailsUserReviews" time="7.321"/>
  <testcase classname="easyr.qa.testCases.EasyRVendorPageTest" name="verifyVendorDetailsUserReviewsData" time="7.665"/>
  <testcase classname="easyr.qa.testCases.EasyRVendorPageTest" name="verifyClickOnUpdateVendorBtn" time="8.376"/>
  <testcase classname="easyr.qa.testCases.EasyRVendorPageTest" name="verifyUpdateVendorValidations" time="9.957"/>
</testsuite> <!-- Default test -->
