<?xml version="1.0" encoding="UTF-8"?>
<!-- Generated by org.testng.reporters.JUnitXMLReporter -->
<testsuite ignored="0" hostname="DESKTOP-SO5U9F0" failures="0" tests="13" name="Default test" time="247.448" errors="0" timestamp="2025-11-04T15:43:04 IST">
  <testcase classname="easyr.qa.testCases.EasyROffersAndDealsPageTest" name="verifyOffersAndDealsPage" time="1.299"/>
  <testcase classname="easyr.qa.testCases.EasyROffersAndDealsPageTest" name="verifyCreateOfferPage" time="1.277"/>
  <testcase classname="easyr.qa.testCases.EasyROffersAndDealsPageTest" name="verifyEnterVendorNameAndVerifyDetails" time="3.595"/>
  <testcase classname="easyr.qa.testCases.EasyROffersAndDealsPageTest" name="verifyNavigateToSubDetailsOfOffer" time="3.666"/>
  <testcase classname="easyr.qa.testCases.EasyROffersAndDealsPageTest" name="verifyAllFieldValidationInsubDetails" time="14.56"/>
  <testcase classname="easyr.qa.testCases.EasyROffersAndDealsPageTest" name="verifyEnterAllFieldDetailsInsubDetails" time="26.156"/>
  <testcase classname="easyr.qa.testCases.EasyROffersAndDealsPageTest" name="verifyValidationMessageInThirdPhaseSubDetailsInEnglish" time="33.076"/>
  <testcase classname="easyr.qa.testCases.EasyROffersAndDealsPageTest" name="verifyValidationMessageInThirdPhaseSubDetailsInDanish" time="32.755"/>
  <testcase classname="easyr.qa.testCases.EasyROffersAndDealsPageTest" name="verifyValidationMessageInThirdPhaseSubDetailsInArabic" time="32.805"/>
  <testcase classname="easyr.qa.testCases.EasyROffersAndDealsPageTest" name="createOffer" time="50.669"/>
  <testcase classname="easyr.qa.testCases.EasyROffersAndDealsPageTest" name="verifyOfferTitleAfterOfferCreation" time="5.171"/>
  <testcase classname="easyr.qa.testCases.EasyROffersAndDealsPageTest" name="verifyOfferTypeAfterOfferCreation" time="5.187"/>
  <testcase classname="easyr.qa.testCases.EasyROffersAndDealsPageTest" name="verifyVendorNameAfterOfferCreation" time="5.18"/>
</testsuite> <!-- Default test -->
