<?xml version="1.0" encoding="UTF-8"?>
<!-- Generated by org.testng.reporters.JUnitXMLReporter -->
<testsuite ignored="0" hostname="DESKTOP-SO5U9F0" failures="0" tests="14" name="RegressionTestSuite" time="197.454" errors="0" timestamp="2025-09-18T16:05:55 IST">
  <testcase classname="easyr.qa.testCases.EasyRLoginTest" name="verifySignInText" time="1.867"/>
  <testcase classname="easyr.qa.testCases.EasyRDashboardPageTest" name="verifyDahsboardPage" time="14.096"/>
  <testcase classname="easyr.qa.testCases.EasyRVendorPageTest" name="verifyCreatVendor" time="35.076"/>
  <testcase classname="easyr.qa.testCases.EasyROffersAndDealsPageTest" name="verifyOffersAndDealsFlow" time="30.752"/>
  <testcase classname="easyr.qa.testCases.EasyROffersAndDealsPageTest" name="verifyDataAfterOfferCreation" time="13.243"/>
  <testcase classname="easyr.qa.testCases.EasyRCatchShopPageTest" name="verifyInventoryStoreProduct" time="21.144"/>
  <testcase classname="easyr.qa.testCases.EasyRCatchShopPageTest" name="verifyCreatedProduct" time="1.265"/>
  <testcase classname="easyr.qa.testCases.EasyROrganizationPageTest" name="createOrganization" time="8.308"/>
  <testcase classname="easyr.qa.testCases.EasyROrganizationPageTest" name="verifyCreatedOrganization" time="1.288"/>
  <testcase classname="easyr.qa.testCases.EasyRDonationPageTest" name="createDonation" time="9.594"/>
  <testcase classname="easyr.qa.testCases.EasyRDonationPageTest" name="verifyCreatedDonationData" time="1.277"/>
  <testcase classname="easyr.qa.testCases.EasyRSurveyPageTest" name="verifySurvey" time="22.473"/>
  <testcase classname="easyr.qa.testCases.EasyRSurveyPageTest" name="verifyCreatedSurveyOnListingPage" time="0.234"/>
  <testcase classname="easyr.qa.testCases.EasyRSurveyPageTest" name="verifyUserOfSendSurvey" time="8.644"/>
</testsuite> <!-- RegressionTestSuite -->
