<?xml version="1.0" encoding="UTF-8"?>
<testng-results ignored="0" total="1" passed="1" failed="0" skipped="0">
  <reporter-output>
  </reporter-output>
  <suite started-at="2025-10-30T19:06:21 IST" name="Default suite" finished-at="2025-10-30T19:06:35 IST" duration-ms="14511">
    <groups>
    </groups>
    <test started-at="2025-10-30T19:06:21 IST" name="Default test" finished-at="2025-10-30T19:06:35 IST" duration-ms="14511">
      <class name="easyr.qa.testCases.EasyROffersAndDealsPageTest">
        <test-method is-config="true" signature="setUp()[pri:0, instance:easyr.qa.testCases.EasyROffersAndDealsPageTest@74e28667]" started-at="2025-10-30T19:06:21 IST" name="setUp" finished-at="2025-10-30T19:06:24 IST" duration-ms="3551" status="PASS">
          <reporter-output>
          </reporter-output>
        </test-method> <!-- setUp -->
        <test-method signature="verifyEnterAllFieldDetailsInsubDetails()[pri:6, instance:easyr.qa.testCases.EasyROffersAndDealsPageTest@74e28667]" started-at="2025-10-30T19:06:24 IST" name="verifyEnterAllFieldDetailsInsubDetails" finished-at="2025-10-30T19:06:35 IST" duration-ms="10896" status="PASS">
          <reporter-output>
          </reporter-output>
        </test-method> <!-- verifyEnterAllFieldDetailsInsubDetails -->
        <test-method is-config="true" signature="tearDown()[pri:0, instance:easyr.qa.testCases.EasyROffersAndDealsPageTest@74e28667]" started-at="2025-10-30T19:06:35 IST" name="tearDown" finished-at="2025-10-30T19:06:35 IST" duration-ms="0" status="PASS">
          <reporter-output>
          </reporter-output>
        </test-method> <!-- tearDown -->
      </class> <!-- easyr.qa.testCases.EasyROffersAndDealsPageTest -->
    </test> <!-- Default test -->
  </suite> <!-- Default suite -->
</testng-results>
